Starting the search for the distance to Halley's Comet
34.431440323298055
34.43144002600236
34.431438936699294
34.43143869689442
34.4314384517024
34.4314382102784
34.43143732274909
34.4314370777287
34.4314368361854
34.43143658948617
34.43143634653263
34.43143610530271
34.43143576523794
34.43143400110348
34.43143374362998
34.43143350371333
34.431433201702234
34.43143296065891
34.43143271669817
34.43143247682633
34.431432229955625
34.43143198818857
34.4314315899169
34.431431300679904
34.431431062673475
34.43143082249574
34.43142991359745
34.43142963749272
34.43142939607645
34.43142915451093
34.43142856929939
34.43142815688088
34.431427871777615
34.43142762197469
34.43142737971532
34.431427141238885
34.43142689964359
34.43142665772746
34.43142627998253
34.43142602227047
34.43142578047371
34.43142553986338
34.43142530176007
34.43142504862193
34.43142480163951
34.431424551038226
34.43142430951759
34.43142406957886
34.431423829289365
34.431423589820675
34.43142328210185
34.43142304517011
34.431422804783615
34.431422564897154
34.431422325100144
34.43142208536289
34.4314218459838
34.431421593479946
34.431421354339584
34.43142111589321
34.43142087302963
34.43142062121225
34.43142037980367
34.43142011567484
34.43141986090277
34.43141953536604
34.43141926005998
34.43141897900116
34.43141836495167
34.43141809501047
34.431417852803555
34.43141760706738
34.43141736750184
34.43141688317759
34.4314166396277
34.43141640115154
34.43141616233219
34.431415902337235
34.431415651669056
34.43141532795308
34.431415033590554
34.431414782497114
34.43141454414787
34.43141430280659
34.43141405127294
34.431413813184825
34.431413497393024
34.431413239748515
34.43141300165297
34.431412739665845
34.431411754154965
34.431411515149186
34.43141127694927
34.43141103755552
34.43141080186261
34.4314096643171
34.4314094160144
34.431409175538754
34.43140879020621
34.43140855126025
34.4314083082776
34.43140806997327
34.4314078295947
34.43140749181413
34.431407250196926
34.431406960095195
34.431406421496796
34.431406078150026
34.43140580354574
34.43140546210171
34.431405091692255
34.431404852030035
34.43140461217383
34.431404374959016
34.43140413644588
34.43140387974167
34.43140362767858
34.431403285078076
34.43140303847674
34.43140279947864
34.43140255317581
34.43140221721606
34.43140197432308
34.431401579902804
34.43140132692946
34.431400977009346
34.431400705598705
34.4314001948021
34.431399866005414
34.431399614017025
34.43139921166527
34.43139896892165
34.431398346270385
34.43139810167633
34.43139736836422
34.431397012146796
34.43139677191025
34.43139652042186
34.43139628140902
34.43139603487505
34.43139567150958
34.43139542754981
34.431395176412146
34.43139472785927
34.431394454590915
34.43139418976152
34.43139393378138
34.43139369073193
34.43139343073758
34.431393191687505
34.431392928522
34.43139268803936
34.431392447444786
34.431392197836786
34.43139195090001
34.43139144088731
34.43139110696492
34.43139086715382
34.431390625365445
34.43139038655423
34.431390048714604
34.43138981010487
34.431389571271254
34.43138933134829
34.431388928116554
34.43138809106868
34.431387852608204
34.43138760491044
34.43138714115151
34.431386769362426
34.43138651988141
34.431386282331275
34.43138600867521

EntityValue::nodat: Unable to download data. Some or all results may be missing.
QuantityMagnitude[Missing[RetrievalFailure]]
34.431385418556694
34.43138516196499
34.431384914961214
34.43138464355106
34.43138440056904
34.43138392594641
34.431383649552025
34.43138339154268
34.431383137383456
34.43138289301361
34.43138264800958
34.43138239041063
34.431382129386854
34.43138186072264
34.43138159002886
34.43138128640029
34.431381045709
34.431380747698945
34.431380497762945
34.43138025621362
34.431380008687704
34.4313797665116
34.43137939844605
34.43137906131572
34.431378821034876
34.43137853291124
34.43137827852828
34.43137803965021
34.43137777551518
34.43137752419892
34.43137699877164
34.431376739352295
34.431376499295325
34.43137625411987
34.43137601215279
34.43137577323002
34.43137553175543
34.43137512805423
34.43137488051351
34.431374407898474
34.43137415535863
34.43137391490628
34.431373566494415
34.43137323966101
34.43137301004272
34.43137249177125
34.431372269360736
34.43137205164343
34.43137181013164
34.43137159082508
34.43137124523376
34.43137099232837
34.431370772872604
34.431370556856564
34.431370265853126
34.4313693905521
34.431369173834696
34.431368874892314
34.43136791215094
34.431367675630916
34.431367457645145
34.43136719904679
34.431366423207
34.431366208392355
34.43136599200335
34.4313657776065
34.43136554145224
34.43136532255618
34.43136473505799
34.43136451290131
34.43136429379638
34.431364076206144
34.43136384801317
34.43136363128106
34.43136340383425
34.43136318806461
34.431362962818966
34.43136274224418
34.43136252641486
34.43136229037253
34.4313620684174
34.431361849066285
34.43136163391602
34.4313614162512
34.431361123300604
34.43136081394978
34.43136059826974
34.4313603844177
34.43136015357607
34.4313599342698
34.431359720813305
34.43135947124346
34.431359256749815
34.43135904164432
34.43135798853113
34.43135774765394
34.43135751399191
34.43135719845571
34.43135694649829
34.43135671510459
34.431356500775166
34.43135600327722
34.43135576589201
34.4313555516074
34.431354755175015
34.43135454036808
34.43135411569376
34.43135390216278
34.431353689437586
34.43135339326385
34.431353162206015
34.43135294656347
34.431352728070635
34.43135251459936
34.43135230058342
34.43135196178265
34.43135174832631
34.43135098292633
34.431350730051335
34.43135045711259
34.43135001699329
34.4313496209113
34.43134885934664
34.43134857952106
34.43134833920371
34.43134772119683
34.43134736912986
34.43134706883764
34.43134680984435
34.43134645238283
34.431346193061295
34.431345824288265
34.43134556242239
34.43134523982805
34.431344704680406
34.43134436549198
34.431344119869635
34.43134387047929
34.431342659641
34.43134240875842
34.431342065414
34.431341803981034
34.43134150794948
34.4313412431589
34.43134088011639
34.431340634912004
34.43134038955092
34.43134014601793
34.43133969902712
34.43133935067625
34.43133911177679
34.4313385095365
34.43133825361759
34.43133733740867
34.4313370806168
34.431336794859774
34.4313365529758
34.431336196253305
34.43133567468595
34.431335319896
34.431334886604596
34.43133462820858
34.43133438502639
34.43133406364868
34.43133381912348
34.43133330448045
34.4313329451242
34.43133266447086
34.431332421266355
34.431331918524336
34.43133165697968
34.431331355516534
34.43133110421642
34.431330626343325
34.43133037871429
34.43133011049175
34.431329864063976
34.43132962048646
34.43132938115449
34.431329121766254
34.43132820857267
34.431327933246926
34.431327641200205
34.43132738389377
34.431327070649225
34.43132680428466
34.43132651633425
34.43132620493272
34.43132593521057
34.43132549551025
34.43132463209947
34.431324127507416
34.43132382917089
34.43132358386247
34.43132322762548
34.4313229446072
34.4313226999405
34.43132245319954
34.43132219090904
34.43132173874837
34.43132148130033
34.43132121701023
34.43132087456943
34.431320597087556
34.43131959575335
34.43131928676953
34.43131904596046
34.431318748691034
34.43131841638288
34.43131815705469
34.43131791405948
34.431317675570966
34.43131743491114
34.43131719084154
34.431316946936036
34.4313161699439
34.43131591831589
34.43131555821418
34.431315303750885
34.431314536234844
34.431314276697805
34.43131399699264
34.43131314543162
34.4313122017822
34.43131182190052
34.431311571593305
34.431311330859025
34.43131108716263
34.43131084493616
34.431309866531805
34.43130960806935
34.431309247072534
34.43130899396737
34.431308302423695
34.4313080418124
34.43130779393767
34.43130755100245
34.43130682955362
34.4313065739937
34.43130632609669
34.43130605279364
34.43130522388609
34.43130488272178
34.431304607351954
34.43130411944467
34.43130385691594
34.431303614950764
34.43130336547946
34.431303119082195
34.43130281969425
34.431302271334935
34.431301951652074
34.43130170366562
34.43130144054745
34.43130116695357
34.43130076573279
34.431299757125835
34.43129917647386
34.43129860899124
34.43129821409034
34.43129796108246
34.43129771430487
34.4312974613567
34.431297211251305
34.43129695210277
34.4312967098244
34.43129646639699
34.431296224029076
34.43129596324653
34.431295721781446
34.431295463207476
34.43129521205009
34.4312949402919
34.43129457792274
34.431294248876114
34.431293993577725
34.43129373295187
34.43129349291201
34.43129309600421
34.431292821052594
34.43129251309929
34.43129226238969
34.43129114313153
34.43129087787973
34.43129063006519
34.43129038521282
34.43129014450896
34.431289904200575
34.431289660348064
34.43128912997138
34.431288833665434
34.43128850637242
34.43128722718772
34.43128698249958
34.43128662016805
34.431286121196486
34.43128587594875
34.43128563550617
34.43128530943692
34.431285059652716
34.431284816949365
34.43128456969454
34.431284327700034
34.43128403108834
34.431283750996116
34.43128349909293
34.431283237751124
34.43128291837479
34.43128264141636
34.43128239930249
34.43128215174184
34.43128190921767
34.43128158876694
34.43128133799048
34.4312810770367
34.4312808321398
34.43128057404379
34.431280313418334
34.43128007055843
34.43127982387083
34.43127957984693
34.431279337404874
34.43127903658509
34.43127878394338
34.43127852813801
34.431278079389315
34.431277836089215
34.43127758000783
34.4312772650787
34.431277013205495
34.43127675187132
34.431276497297155
34.43127613660007
34.4312758888978
34.43127564582167
34.43127539365751
34.43127515286451
34.43127489738012
34.43127465581115
34.43127441319014
34.431274150401045
34.43127390797406
34.43127366167462
34.431273309871585
34.431273029831885
34.43127269614504
34.43127245218105
34.431271984697155
34.43127154489496
34.43126983281965
34.43126956976955
34.43126931543438
34.431269018942444
34.43126874850574
34.43126849680437
34.4312682311727
34.43126798632089
34.43126772661356
34.43126747262907
34.431267229374036
34.43126695537076
34.43126671341402
34.43126647024107
34.4312662280157
34.43126578864651
34.431265547600084
34.43126530545687
34.43126495680281
34.43126370698922
34.43126343497078
34.43126318512744
34.43126294273056
34.431262626645434
34.43126237309385
34.431262126503725
34.43126187742152
34.431261637673444
34.43126139661219
34.43126114782843
34.43126089828365
34.4312606563867
34.43126041120684
34.43125977647001
34.43125952367957
34.431259211601265
34.4312585843557
34.43125831894071
34.4312580779467
34.43125783649009
34.431257581021065
34.43125725538558
34.431256823836286
34.43125656513652
34.431256286850754
34.431256040715915
34.431255767944116
34.431255525480296
34.43125528120334
34.43125474698606
34.43125450583547
34.431254264259564
34.43125402063183
34.4312537210141
34.431253236810306
34.43125297642441
34.43125273528875
34.43125249227285
34.43125224819747
34.4312520052338
34.43125023330724
34.4312499832106
34.43124973324083
34.43124876756451
34.43124851064077
34.43124826010397
34.43124772124616
34.431247479252626
34.43124719557253
34.4312469773881
34.431246739170014
34.43124651062181
34.43124621292195
34.431245924436844
34.43124570391703
34.4312454645947
34.43124524933514
34.4312447805842
34.431244557020236
34.43124428162238
34.43124406569879
34.4312437745426
34.43124347774563
34.43124326256077
34.431243041839586
34.43124281750714
34.43124205818213
34.43124183036524
34.43124160866667
34.43124139361614
34.431241169268816
34.43124087073343
34.43124058658352
34.43124036287785
34.431240147946774
34.43123973959556
34.431239523828786
34.43123900539311
34.431238789432385
34.43123857752312
34.43123836236076
34.431238144124286
34.431237930110974
34.43123771670947
34.431237471104915
34.43123725559188
34.431237029789656
34.431236813172355
34.43123658055798
34.431236077336116
34.43123585639875
34.4312356400277
34.43123534834199
34.431235105416086
34.43123488464291
34.431234665339545
34.43123441107988
34.43123406906015
34.431233848995795
34.43123351145284
34.43123296426159
34.43123264921455
34.43123218265789
34.431231964391735
34.431231748558005
34.43123153441797
34.43123132015111
34.431231107167605
34.43123087212098
34.431230656854304
34.43123044169959
34.43123010732036
34.43122962531884
34.431229402837154
34.431229179251154
34.43122896148502
34.43122874653174
34.431228485437686
34.431228264105044
34.431228045145055
34.431227831079774
34.431227615850446
34.43122734260195
34.43122710895066
34.43122679017322
34.431226573384514
34.43122633421934
34.4312261181843
34.43122590232831
34.431225686942355
34.43122546567693
34.43122524709008
34.4312250204525
34.431224493847516
34.431224247586684
34.43122403152925
34.43122380447389
34.43122357739612
34.43122333776842
34.43122311237695
34.43122288836579
34.431222662452
34.43122238659221
34.431222170519895
34.43122173733822
34.43122087345956
34.43122065449977
34.43122043724865
34.43122022134799
34.431220003104535
34.43121968766998
34.431219460741524
34.43121924018505
34.431219024791844
34.431218521757465
34.43121823029617
34.431218008919004
34.43121773389497
34.431217484567696
34.43121724729793
34.431217031322795
34.43121652350587
34.43121627454423
34.43121605602476
34.43121583827381
34.43121561581483
34.43121525594826
34.43121455660701
34.43121432453787
34.43121410988344
34.431213892818974
34.43121336560278
34.431213148575665
34.43121293324227
34.43121265290594
34.43121212998008
34.43121168934499
34.43121145844738
34.43121124030853
34.431210792294294
34.431210363343716
34.43121014005663
34.431209869934904
34.431209620794384
34.43120932734121
34.43120899506681
34.43120876193081
34.43120854514258
34.43120832572795
34.43120810458975
34.431207888017894
34.431207556325575
34.43120733926871
34.43120712574854
34.43120691027354
34.43120669284367
34.43120647973384
34.4312062554769
34.43120584414266
34.43120528688774
34.431205072412524
34.43120464152227
34.43120440614056
34.43120419071036
34.43120396830388
34.431202951611915
34.43120232888425
34.431202112581126
34.431201853032285
34.43120163164802
34.431201414979334
34.43120119958651
34.431200983298325
34.431200768875506
34.43120026916238
34.43120005232957
34.43119983054991
34.431199617828256
34.43119932166696
34.431198918734424
34.43119869238846
34.43119847886852
34.431198264609854
34.43119805136598
34.43119783748788
34.431197625184126
34.431197411328405
34.43119675771133
34.43119645068644
34.43119623436851
34.431196022034996
34.43119580502319
34.43119555102571
34.43119478866041
34.43119457671484
34.431194307593415
34.4311932021355
34.431192561725155
34.431192314472845
34.43119209890865
34.43119188194915
34.4311916650792
34.43119145012686
34.43119095795016
34.43119073323842
34.43119051809956
34.43119029955085
34.43119008418068
34.43118986810913
34.43118964996338
34.43118937032908
34.43118914355059
34.431188926613586
34.43118861648507
34.43118840091347
34.43118818488675
34.43118794214116
34.431187603920904
34.431187277437274
34.4311870256486
34.43118678780512
34.43118650595492
34.43118627822893
34.431186064761484
34.43118584235538
34.43118562059101
34.431185370600566
34.43118510970919
34.431184884355936
34.43118459679045
34.43118438144278
34.43118416370006
34.431183945129135
34.43118372837131
34.43118351418762
34.43118322917397
34.431182987972996
34.43118254560826
34.43118231228641
34.43118209526751
34.43118186622095
34.431181605583355
34.431180790415645
34.431180500753726
34.43118021028594
34.43117987497586
34.43117958444843
34.43117930319536
34.43117904743008
34.431178786292634
34.43117851154583
34.43117825678031
34.431177997963395
34.431177659415205
34.43117741352869
34.43117719618904
34.4311769775138
34.43117646114841
34.43117623027401
34.43117592856971
34.43117565303209
34.43117542492583
34.4311751977224
34.43117497811459
34.43117475870822
34.43117449358657
34.43117426278683
34.43117404768565
34.43117383359918
34.43117361119341
34.43117339606235
34.431173171380905
34.43117294629655
34.431172731463974
34.43117243931022
34.43117220707048
34.43117144529653
34.43117121335529
34.43117099549349
34.43117074087745
34.431170422870395
34.43117019706236
34.43116997726809
34.4311696597983
34.43116938052279
34.43116915346128
34.43116886522478
34.431168637103774
34.43116840910961
34.43116819121804
34.43116797634827
34.431167757792664
34.43116753859536
34.43116727712994
34.431167055418214
34.43116666492507
34.43116624164707
34.43116598405412
34.43116572418548
34.431165505182214
34.43116528855165
34.43116498998141
34.43116476503902
34.43116442105205
34.43116409163696
34.43116360025261
34.43116318577162
34.431162968850096
34.431162753607374
34.43116213790346
34.431161916311225
34.43116163464835
34.43116141449618
34.431161200014515
34.43116098427943
34.43116076826827
34.4311605545253
34.431160332045245
34.43115994947625
34.43115971857238
34.43115950518013
34.431159291623764
34.431159075672305
34.43115885907923
34.43115864550048
34.431158359278896
34.431158118779884
34.431157073568514
34.43115638325236
34.431156163891146
34.43115595005877
34.43115573720382
34.431155518745506
34.43115503384545
34.43115478270678
34.43115453418706
34.43115431930267
34.43115410165016
34.43115388052074
34.431153631225044
34.43115317260366
34.43115295589877
34.43115259383359
34.431152367182854
34.431152041707726
34.43115180991619
34.43115154212411
34.43115128439726
34.43115101909722
34.431150758311254
34.431150494346845
34.43115004000832
34.431149811768414
34.43114949345617
34.43114922115755
34.43114896463205
34.43114871034488
34.431148453983496
34.43114807248193
34.43114781464328
34.43114755226814
34.431147294750325
34.43114636639091
34.43114607829688
34.43114582314434
34.43114556766347
34.43114531595799
34.431144330661965
34.43114411962035
34.43114390832509
34.43114369215018
34.43114346809617
34.431143224568295
34.43114297882445
34.431142712689045
34.43114245504449
34.43114212777899
34.431141891428894
34.431141682849564
34.43114147444189
34.4311412614455
34.43114104628536
34.43114083252054
34.43114062123275
34.43114040363283
34.43114019250927
34.43113998038587
34.43113977101573
34.43113955187877
34.43113933183158
34.431139113127365
34.43113890162332
34.431138692111425
34.43113848030145
34.43113826978975
34.431138058390154
34.43113784391654
34.431137630233785
34.43113741702861
34.43113720591259
34.43113699736321
34.43113678771705
34.43113619855449
34.43113597338893
34.43113574085167
34.43113552739285
34.43113527774697
34.43113506792924
34.43113483904053
34.4311346293422
34.431134418315764
34.43113394094521
34.431133724882464
34.43113351201306
34.43113330156118
34.431133091773354
34.43113287282308
34.431132657566145
34.43113244767384
34.43113223849042
34.4311320285459
34.43113181134905
34.43113159743518
34.431131386796785
34.43113117378574
34.43113096289364
34.431130749196164
34.43113053855781
34.43113032789706
34.431130106574194
34.43112989534641
34.431129683536625
34.431129268027476
34.43112905641916
34.43112875693984
34.43112854486147
34.43112832976133
34.43112811854851
34.43112790601504
34.43112769199679
34.4311274789336
34.4311272626322
34.43112694826031
34.43112672645256
34.43112651418026
34.4311262990876
34.43112606759517
34.431125833297315
34.43112562227855
34.43112541138663
34.431125201531785
34.43112498716291
34.43112477614414
34.43112455283672
34.43112434040777
34.4311241282624
34.43112391594539
34.43112363394792
34.431123422973926
34.431123206239896
34.43112299039375
34.43112277198842
34.431122561432296
34.43112235162229
34.431122142364465
34.43112193368857
34.43112172393829
34.4311215146506
34.4311213045795
34.43112109422488
34.431120884459695
34.431120439591
34.431120230825584
34.431120015755496
34.43111980325205
34.431119591957334
34.43111938320692
34.431119175239935
34.431118962035164
34.43111875168802
34.43111853516303
34.43111832638276
34.431118114312156
34.43111790278617
34.431117693155365
34.4311174818831
34.43111724363097
34.43111703458965
34.43111682358598
34.43111661286583
34.431116397139235
34.4311161720189
34.43111593355047
34.43111571608543
34.43111549239768
34.431115279207916
34.43111501614729
34.43111475917504
34.43111450321009
34.43111424286531
34.431113826819676
34.43111360006541
34.4311133273127
34.43111307222819
34.431112813263816
34.43111255371746
34.43111227068324
34.43111201688206
34.43111176480445
34.43111149841622
34.4311112347588
34.43111098143518
34.43111072633579
34.431110470930534
34.4311102161147
34.43110996088102
34.431109705237006
34.431109450652514
34.43110919165089
34.43110893479073
34.4311086794825
34.431108425666515
34.43110817129096
34.431107916482645
34.43110766505428
34.4311074116263
34.43110715622854
34.4311068920191
34.43110663409205
34.431106379246486
34.43110611511167
34.43110585687871
34.431105599153156
34.4311053448821
34.43110508919343
34.431104834168835
34.431104577629604
34.431104301929956
34.43110404585335
34.43110373649616
34.43110347249574
34.43110321984383
34.43110296522965
34.43110270924259
34.43110245579985
34.431102200245554
34.431101940028036
34.431101679855274
34.43110142403238
34.43110115028023
34.43110089633763
34.431100639626884
34.43110037602204
34.431100121243766
34.43109986728623
34.43109944673464
34.43109917635499
34.43109891554813
34.43109865884492
34.43109840233569
34.43109814540863
34.43109789057078
34.43109762233254
34.43109736689033
34.43109710877701
34.43109685467036
34.43109659916098
34.43109634370384
34.43109608860491
34.4310958309691
34.43109557479574
34.43109531139989
34.43109505047375
34.43109479088312
34.431094519056145
34.43109419294886
34.431093941953606
34.43109371976611
34.431093508822656
34.431093290708986
34.431093079205965
34.43109286715088
34.43109265747583
34.43109244559977
34.43109223537262
34.431092012938926
34.43109178494666
34.43109157154106
34.43109135459886
34.431091118526105
34.43109077058742
34.431090532268854
34.431090318147
34.43109010234641
34.43108986923578
34.43108965027162
34.43108941178895
34.43108917102317
34.43108895478237
34.431088720448116
34.431088492814055
34.43108809794445
34.43108788275575
34.43108766443329
34.43108744976683
34.43108722350564
34.4310869913725
34.43108677657179
34.43108656102496
34.43108634238919
34.43108612602906
34.431085875369796
34.4310856506382
34.43108543400948
34.431085123817255
34.431084711399045
34.43108448507828
34.431083642596164
34.43108342535567
34.431083209503015
34.431082993247394
34.43108277949883
34.43108255048456
34.43108233452
34.431082109549756
34.43108189484616
34.431081678769665
34.43108146326771
34.43108114025724
34.43108089084413
34.43108067024617
34.43108045167767
34.43108023163934
34.43107904537527
34.43107880331144
34.43107856603777
34.431078304843496
34.431078087565844
34.431077871855024
34.431077654413265
34.431077436389494
34.43107721676157
34.43107699952126
34.431076664774515
34.43107644641504
34.43107622945825
34.43107601476218
34.431075800043814
34.431075583004954
34.4310745065927
34.43107417359941
34.43107394906962
34.43107330854068
34.43107307731812
34.43107286406966
34.43107243293186
34.43107219634477
34.43107198056694
34.431071487650435
34.43107126661254
34.43107099190623
34.43107075913929
34.43107053774327
34.43107029396361
34.43107004089476
34.43106967072252
34.43106945464635
34.431069197488824
34.43106897487662
34.43106875391337
34.43106853706123
34.43106832254439
34.4310681073487
34.43106742147103
34.43106715688222
34.43106690546987
34.43106657484206
34.43106625232455
34.43106595447376
34.43106567343308
34.43106538645328
34.43106510324136
34.431064707902706
34.43106440758232
34.43106412627308
34.43106384741109
34.431063595364634
34.43106335649465
34.43106175200324
34.43106153694194
34.43106130289195
34.431061070349074
34.43105990472505
34.43105952610714
34.431059236449
34.43105843365523
34.43105813644633
34.431057850921675
34.43105756810551
34.431057141086946
34.43105674321926
34.43105601892482
34.43105570765172
34.431055406943656
34.43105489430814
34.431054506020736
34.43105421296785
34.43105382728445
34.43105351439229
34.43105243496828
34.43105213061179
34.43105158846004
34.43105129056499
34.43105104544282
34.43105072218724
34.43105015302608
34.43104979388973
34.431049298198836
34.43104898056902
34.43104857941132
34.431048280755306
34.43104798833685
34.43104769655257
34.431047395188166
34.43104709603232
34.43104382220288
34.43104348601731
34.431043159762524
34.43104285580926
34.4310425589889
34.431042170328936
34.43104165444111
34.43104125122444
34.431040754482005
34.43104038901147
34.431040088781366
34.43103978509682
34.43103927203687
34.43103887982554
34.43103845503876
34.431038154420776
34.43103778365288
34.43103742845647
34.431037014995816
34.43103665318882
34.43103625833635
34.43103596544824
34.43103567227659
34.43103537487445
34.43103504418807
34.43103474366722
34.4310344483766
34.43103414318506
34.43103374146842
34.43103344283523
34.4310326896381
34.431032405986976
34.43103202999651
34.431031772011806
34.43103063422162
34.43103035140625
34.43103003504543
34.43102973764352
34.431029289145584
34.431029027064795
34.43102876190254
34.431028497456595
34.431028227705774
34.431027949195546
34.43102768287687
34.43102742146016
34.43102715790207
34.431026896410856
34.431026611342276
34.4310263235131
34.431025479074
34.43102456357487
34.43102429112319
34.43102399750422
34.43102361976076
34.43102334063136
34.43102307536483
34.43102281033712
34.43102254522724
34.43102208022557
34.431020975325374
34.43102067382007
34.43102033909775
34.431020071398954
34.43101980646082
34.43101954660372
34.43101926153537
34.43101889590152
34.43101862019699
34.431018361474024
34.43101810078131
34.43101782961316
34.431017569703904
34.43101731019754
34.43101704591604
34.43101678267916
34.431016520613625
34.43101625625755
34.431015996721385
34.43101573675999
34.43101547371708
34.43101520983857
34.431014950765004
34.431014690818536
34.43101443244634
34.43101416603102
34.4310139058607
34.43101364533974
34.43101338444576
34.43101312144768
34.43101286024031
34.43101260112952
34.43101231531532
34.431012056159766
34.43101179670579
34.431011536072965
34.4310112598911
34.43101100097434
34.431010740998126
34.431010481947105
34.43101022299307
34.431009965135836
34.431009704689615
34.431009426940946
34.43100911761676
34.43100885697655
34.4310086479451
34.43100843552625
34.43100822370436
34.431008012792674
34.431007793532004
34.431007582590574
34.431007373790365
34.43100710144371
34.4310068292313
34.43100657261267
34.431006313240964
34.43100602508414
34.43100577177832
34.43100555935958
34.431005346127584
34.43100513643214
34.43100492057381
34.43100470969207
34.43100449824331
34.4310042793483
34.431004067317566
34.431003857010374
34.43100362966937
34.431003403649015
34.43100315712544
34.43100292763566
34.43100256912035
34.43100234377901
34.43100213291225
34.431001895521156
34.43100166251718
34.43100145012093
34.43100123805294
34.431001027380184
34.43100081625234
34.431000603736685
34.43100038857236
34.43100016870003
34.430999957288655
34.43099974346738
34.43099952960876
34.430999319734426
34.43099910765159
34.43099889509122
34.430998684179734
34.43099846448652
34.43099823423583
34.43099801649749
34.430997353665
34.43099712674946
34.430996908347055
34.43099668848232
34.43099647034856
34.43099624955114
34.43099602778384
34.43099580515843
34.43099558934512
34.43099537053238
34.43099514960074
34.430994926796316
34.43099471439277
34.43099450433197
34.430994282795965
34.430994070765465
34.43099385908564
34.43099364862944
34.43099338060314
34.43099315618717
34.43099294050074
34.4309927311637
34.43099252096122
34.4309923066999
34.430992096840605
34.430991879938006
34.43099166954901
34.43099145786925
34.43099123982514
34.430991030629926
34.43099082012154
34.43099060538277
34.43099039074839
34.43099017797931
34.43098984610077
34.430989618036406
34.430989404640584
34.4309891942367
34.430988985407154
34.43098877556287
34.43098856592004
34.430988331879355
34.43098811993851
34.4309879076694
34.43098769798929
34.43098748695128
34.43098727359282
34.43098700211222
34.43098676000607
34.43098651759401
34.43098627509244
34.43098547922887
34.43098523564547
34.43098499315138
34.43098460830647
34.43098433447569
34.43098409255614
34.43098385052469
34.430983608664796
34.430983367327286
34.43098301746016
34.43098275291105
34.43098249206268
34.4309822439952
34.430981970104796
34.43098172798385
34.43098148585545
34.43098124340622
34.430981001755384
34.43098064103246
34.430980398172885
34.43098015517906
34.4309799087456
34.430979395241295
34.430979151553615
34.430978808371854
34.43097854647902
34.43097829309187
34.430977949507245
34.43097770049232
34.43097745778953
34.43097721521358
34.43097697361508
34.430976732665634
34.430976490582125
34.430976244477094
34.430975827631805
34.430975569544245
34.430975327729385
34.43097498685325
34.43097473231719
34.43097421803725
34.43097372421569
34.43097346613562
34.43097286083014
34.43097258843963
34.4309723460056
34.43097210068408
34.43097185907822
34.43097161668893
34.43097133808343
34.430971095813554
34.43097074347729
34.430970495954774
34.43097025310296
34.43097001102709
34.43096976832452
34.430969453995196
34.430969201369386
34.43096856233243
34.43096829902224
34.43096805655848
34.430967617270554
34.430967236306095
34.430966993954286
34.43096674331311
34.43096612489142
34.43096588433029
34.43096564203814
34.4309654007906
34.430965159065494
34.430964914990206
34.43096456390018
34.43096430925997
34.43096406625906
34.430963817460906
34.4309635080636
34.43096326355559
34.43096278616402
34.43096253965644
34.43096210396501
34.430961850488764
34.43096160721188
34.43096136303969
34.43096112211306
34.43096088038808
34.4309606375365
34.43096031042662
34.43095993711766
34.43095967403161
34.4309594318963
34.430959032368975
34.43095878396642
34.43095854173415
34.430958280401484
34.430957897952666
34.43095764414828
34.43095727487583
34.43095701157348
34.430956769632246
34.43095651306729
34.43095624875767
34.43095599948217
34.43095572136956
34.43095474689734
34.4309544976965
34.430954253875164
34.430953990319196
34.43095375056413
34.43095343743664
34.43095261802871
34.43095237373734
34.43095212982651
34.43095179589005
34.43095154824868
34.430951299062855
34.43095066016893
34.430950401044946
34.43095016011115
34.430949884744386
34.43094964276606
34.4309493846195
34.43094914460347
34.43094889726059
34.43094865706552
34.43094841614665
34.430948166901246
34.430947914484875
34.4309476461913
34.43094729798192
34.43094678418847
34.43094650920974
34.43094617306504
34.430945926744414
34.43094565607083
34.43094541329426
34.43094511148551
34.43094486268038
34.43094453003497
34.43094428781053
34.43094404501909
34.430943585684346
34.430943279518345
34.43094283039042
34.43094257950371
34.430942292468046
34.43094185793403
34.43094157158475
34.430941247825615
34.430940612498794
34.43094035473297
34.4309401131578
34.430939865300395
34.43093943827982
34.43093917802208
34.43093889795513
34.4309386564695
34.43093830517906
34.4309379391977
34.430937624429305
34.430937364067134
34.43093712017164
34.430936500886425
34.430936225773735
34.43093597202214
34.43093417814563
34.43093393556339
34.430933690011585
34.43093333633374
34.430933091199826
34.43093245518709
34.430932175217364
34.430931931329475
34.43093125757868
34.430930651417874
34.43093040729126
34.43093014247503
34.430929898460356
34.43092965495302
34.430928750841495
34.43092847783309
34.43092818142668
34.43092792743659
34.43092764880998
34.43092738321789
34.430927139091345
34.43092689588251
34.43092665435992
34.430926381239665
34.43092611458065
34.43092584877227
34.4309255334596
34.430925225682614
34.43092494693672
34.43092467888257
34.43092424544618
34.43092334881119
34.43092301580092
34.430922752924815
34.430922489168275
34.43092220368514
34.43092191391932
34.43092142489805
34.43092118124914
34.4309205589507
34.43092029592545
34.43092005130664
34.430919810105046
34.430919593547365
34.43091937605706
34.43091915843246
34.430918907016675
34.430918688959345
34.43091847367753
34.43091825692588
34.430918040868114
34.430917824280655
34.43091759612105
34.43091737271418
34.4309171571041
34.43091693224232
34.43091671816922
34.43091629173168
34.430915959229026
34.4309157420522
34.430915522607165
34.43091530638533
34.43091508557496
34.430914860646055
34.430914645968684
34.43091436855864
34.43091385928097
34.43091363779169
34.43091341883912
34.43091315907455
34.4309128703909
34.4309118099343
34.430911590758
34.4309113754241
34.430911045443494
34.43091082813245
34.43091061182866
34.430910396024736
34.430910161083226
34.43090994521218
34.43090969837773
34.43090947621703
34.43090812912914
34.43090788991994
34.430907674824915
34.430907458916636
34.430907238292974
34.43090702128792
34.430906804894676
34.430905659017085
34.43090543788614
34.430905226559005
34.430904015456996
34.43090368317866
34.430903459294605
34.43090324456526
34.43090302811987
34.43090281271159
34.43090258534323
34.43090237065122
34.43090215769762
34.43090194167759
34.43090172429213
34.430901499289
34.430901283410655
34.43090106818149
34.43090072045881
34.43090050090972
34.43090023174456
